0 info it worked if it ends with ok
1 verbose cli [ '/usr/local/Cellar/node/0.10.35_1/bin/node',
1 verbose cli   '/usr/local/bin/npm',
1 verbose cli   'init' ]
2 info using npm@4.0.2
3 info using node@v6.4.0
4 silly package data undefined
5 info init written successfully
6 verbose stack TypeError: Cannot read property 'replace' of undefined
6 verbose stack     at module.exports (/usr/local/lib/node_modules/npm/node_modules/validate-npm-package-license/node_modules/spdx-correct/index.js:211:26)
6 verbose stack     at module.exports (/usr/local/lib/node_modules/npm/node_modules/validate-npm-package-license/index.js:60:23)
6 verbose stack     at /usr/local/lib/node_modules/npm/node_modules/init-package-json/default-input.js:232:13
6 verbose stack     at PromZard.<anonymous> (/usr/local/lib/node_modules/npm/node_modules/init-package-json/node_modules/promzard/promzard.js:226:19)
6 verbose stack     at onError (/usr/local/lib/node_modules/npm/node_modules/read/lib/read.js:94:12)
6 verbose stack     at Interface.<anonymous> (/usr/local/lib/node_modules/npm/node_modules/read/lib/read.js:66:5)
6 verbose stack     at emitNone (events.js:86:13)
6 verbose stack     at Interface.emit (events.js:185:7)
6 verbose stack     at Interface._ttyWrite (readline.js:715:16)
6 verbose stack     at ReadStream.onkeypress (readline.js:119:10)
7 verbose cwd /Users/antonioregadas/Sites/Todo-MEAN_2/Todo-MEAN_2
8 error Darwin 14.5.0
9 error argv "/usr/local/Cellar/node/0.10.35_1/bin/node" "/usr/local/bin/npm" "init"
10 error node v6.4.0
11 error npm  v4.0.2
12 error Cannot read property 'replace' of undefined
13 error If you need help, you may report this error at:
13 error     <https://github.com/npm/npm/issues>
14 verbose exit [ 1, true ]
